> ./homebrew/install                                                                                                    (git)-[features/homebrew]
==> This script will install:
/usr/local/bin/brew
/usr/local/share/doc/homebrew
/usr/local/share/man/man1/brew.1
/usr/local/share/zsh/site-functions/_brew
/usr/local/etc/bash_completion.d/brew
/usr/local/Homebrew
==> The following new directories will be created:
/usr/local/Cellar
/usr/local/Homebrew
/usr/local/Frameworks
/usr/local/opt
/usr/local/sbin
/usr/local/share/zsh
/usr/local/share/zsh/site-functions

Press RETURN to continue or any other key to abort
==> /usr/bin/sudo /bin/mkdir -p /usr/local/Cellar /usr/local/Homebrew /usr/local/Frameworks /usr/local/opt /usr/local/sbin /usr/local/share/zsh /usr/local/share/zsh/site-functions
Password:
==> /usr/bin/sudo /bin/chmod g+rwx /usr/local/Cellar /usr/local/Homebrew /usr/local/Frameworks /usr/local/opt /usr/local/sbin /usr/local/share/zsh /usr/local/share/zsh/site-functions
==> /usr/bin/sudo /bin/chmod 755 /usr/local/share/zsh /usr/local/share/zsh/site-functions
==> /usr/bin/sudo /usr/sbin/chown tanjo /usr/local/Cellar /usr/local/Homebrew /usr/local/Frameworks /usr/local/opt /usr/local/sbin /usr/local/share/zsh /usr/local/share/zsh/site-functions
==> /usr/bin/sudo /usr/bin/chgrp admin /usr/local/Cellar /usr/local/Homebrew /usr/local/Frameworks /usr/local/opt /usr/local/sbin /usr/local/share/zsh /usr/local/share/zsh/site-functions
==> /usr/bin/sudo /bin/mkdir -p /Users/tanjo/Library/Caches/Homebrew
==> /usr/bin/sudo /bin/chmod g+rwx /Users/tanjo/Library/Caches/Homebrew
==> /usr/bin/sudo /usr/sbin/chown tanjo /Users/tanjo/Library/Caches/Homebrew
==> /usr/bin/sudo /bin/mkdir -p /Library/Caches/Homebrew
==> /usr/bin/sudo /bin/chmod g+rwx /Library/Caches/Homebrew
==> /usr/bin/sudo /usr/sbin/chown tanjo /Library/Caches/Homebrew
==> Downloading and installing Homebrew...
remote: Counting objects: 4675, done.
remote: Compressing objects: 100% (3004/3004), done.
remote: Total 4675 (delta 2531), reused 3019 (delta 1512), pack-reused 0
Receiving objects: 100% (4675/4675), 2.57 MiB | 497.00 KiB/s, done.
Resolving deltas: 100% (2531/2531), done.
From https://github.com/Homebrew/brew
 * [new branch]      master     -> origin/master
 * [new tag]         0.1        -> 0.1
 * [new tag]         0.2        -> 0.2
 * [new tag]         0.3        -> 0.3
 * [new tag]         0.4        -> 0.4
 * [new tag]         0.5        -> 0.5
 * [new tag]         0.6        -> 0.6
 * [new tag]         0.7        -> 0.7
 * [new tag]         0.7.1      -> 0.7.1
 * [new tag]         0.8        -> 0.8
 * [new tag]         0.8.1      -> 0.8.1
 * [new tag]         0.9        -> 0.9
 * [new tag]         0.9.1      -> 0.9.1
 * [new tag]         0.9.2      -> 0.9.2
 * [new tag]         0.9.3      -> 0.9.3
 * [new tag]         0.9.4      -> 0.9.4
 * [new tag]         0.9.5      -> 0.9.5
 * [new tag]         0.9.8      -> 0.9.8
 * [new tag]         0.9.9      -> 0.9.9
 * [new tag]         1.0.0      -> 1.0.0
 * [new tag]         1.0.1      -> 1.0.1
 * [new tag]         1.0.2      -> 1.0.2
 * [new tag]         1.0.3      -> 1.0.3
 * [new tag]         1.0.4      -> 1.0.4
 * [new tag]         1.0.5      -> 1.0.5
 * [new tag]         1.0.6      -> 1.0.6
 * [new tag]         1.0.7      -> 1.0.7
 * [new tag]         1.0.8      -> 1.0.8
 * [new tag]         1.0.9      -> 1.0.9
 * [new tag]         1.1.0      -> 1.1.0
 * [new tag]         1.1.1      -> 1.1.1
 * [new tag]         1.1.2      -> 1.1.2
 * [new tag]         1.1.3      -> 1.1.3
 * [new tag]         1.1.4      -> 1.1.4
 * [new tag]         1.1.5      -> 1.1.5
 * [new tag]         1.1.6      -> 1.1.6
 * [new tag]         1.1.7      -> 1.1.7
 * [new tag]         1.1.8      -> 1.1.8
HEAD is now at 78d584f Merge pull request #1918 from MikeMcQuaid/update-reset-force
==> Tapping homebrew/core
Cloning into '/usr/local/Homebrew/Library/Taps/homebrew/homebrew-core'...
remote: Counting objects: 3893, done.
remote: Compressing objects: 100% (3762/3762), done.
remote: Total 3893 (delta 33), reused 387 (delta 16), pack-reused 0
Receiving objects: 100% (3893/3893), 3.09 MiB | 922.00 KiB/s, done.
Resolving deltas: 100% (33/33), done.
Tapped 3766 formulae (3,922 files, 9.7M)
==> Cleaning up /Library/Caches/Homebrew...
==> Migrating /Library/Caches/Homebrew to /Users/tanjo/Library/Caches/Homebrew...
==> Deleting /Library/Caches/Homebrew...
Already up-to-date.
==> Installation successful!

==> Homebrew has enabled anonymous aggregate user behaviour analytics.
Read the analytics documentation (and how to opt-out) here:
  https://git.io/brew-analytics

==> Next steps:
- Run `brew help` to get started
- Further documentation:
    https://git.io/brew-docs
./homebrew/install  10.88s user 3.17s system 17% cpu 1:22.64 total
